make.exe all --print-data-base --no-builtin-variables --no-builtin-rules --question
# GNU Make 3.82.90
# Built for i686-pc-mingw32
# Copyright (C) 1988-2012 Free Software Foundation, Inc.
# License GPLv3+: GNU GPL version 3 or later <http://gnu.org/licenses/gpl.html>
# This is free software: you are free to change and redistribute it.
# There is NO WARRANTY, to the extent permitted by law.
 

# Make data base, printed on Thu May 12 16:50:13 2022

# Variables

# automatic
<D = $(patsubst %/,%,$(patsubst %\,%,$(dir $<)))
# automatic
?F = $(notdir $?)
# default
.SHELLFLAGS := -c
# makefile
MAKEFLAGS = Rrqp
# environment
VSCODE_LOG_NATIVE = false
# automatic
?D = $(patsubst %/,%,$(patsubst %\,%,$(dir $?)))
# automatic
@D = $(patsubst %/,%,$(patsubst %\,%,$(dir $@)))
# environment
HOMEDRIVE = C:
# automatic
@F = $(notdir $@)
# automatic
^D = $(patsubst %/,%,$(patsubst %\,%,$(dir $^)))
# makefile
CUR 
DIR := d:/programforVS/LSM2.0/lsm-kv
# default
SHELL := sh.exe
# environment
WINDIR = C:\Windows
# environment
VSCODE_NLS_CONFIG = {"locale":"zh-cn","availableLanguages":{"*":"zh-cn"},"_languagePackId":"42e84e0914b17800d483f69e299e1b00.zh-cn","_translationsConfigFile":"C:\\Users\\86131\\AppData\\Roaming\\Code\\clp\\42e84e0914b17800d483f69e299e1b00.zh-cn\\tcf.json","_cacheRoot":"C:\\Users\\86131\\AppData\\Roaming\\Code\\clp\\42e84e0914b17800d483f69e299e1b00.zh-cn","_resolvedLanguagePackCoreLocation":"C:\\Users\\86131\\AppData\\Roaming\\Code\\clp\\42e84e0914b17800d483f69e299e1b00.zh-cn\\da15b6fd3ef856477bf6f4fb29ba1b7af717770d","_corruptedFile":"C:\\Users\\86131\\AppData\\Roaming\\Code\\clp\\42e84e0914b17800d483f69e299e1b00.zh-cn\\corrupted.info","_languagePackSupport":true}
# environment
ONEDRIVE = C:\Users\86131\OneDrive
# makefile (from 'Makefile', line 2)
LINK.o = $(LINK.cc)
# environment
MAVEN_HOME = D:\maven\apache-maven-3.8.5-bin\apache-maven-3.8.5
# environment
PATHEXT = .COM;.EXE;.BAT;.CMD;.VBS;.VBE;.JS;.JSE;.WSF;.WSH;.MSC;.PY;.PYW
# makefile (from 'Makefile', line 1)
MAKEFILE_LIST :=  Makefile
# environment
FPS_BROWSER_USER_PROFILE_STRING = Default
# environment
TMP = C:\Users\86131\AppData\Local\Temp
# makefile (from 'Makefile', line 3)
CXXFLAGS = -std=c++14 -Wall -g
# environment
VSCODE_VERBOSE_LOGGING = true
# environment
PROGRAMW6432 = C:\Program Files
# environment
PROGRAMDATA = C:\ProgramData
# environment
VSCODE_IPC_HOOK_EXTHOST = \\.\pipe\vscode-ipc-2725888f-ea01-4ea9-ae3c-c6cc8671cd5c-sock
# environment
VSCODE_CWD = D:\programforVS\LSM2.0\Qlsm
# environment
PATH = D:\VMware\VMwarePlayer\bin\;C:\Python310\Scripts\;C:\Python310\;C:\Program Files (x86)\Common Files\Oracle\Java\javapath;C:\Windows\system32;C:\Windows;C:\Windows\System32\Wbem;C:\Windows\System32\WindowsPowerShell\v1.0\;C:\Windows\System32\OpenSSH\;C:\Program Files (x86)\NVIDIA Corporation\PhysX\Common;C:\Program Files\NVIDIA Corporation\NVIDIA NvDLISR;C:\Program Files\Microsoft SQL Server\150\Tools\Binn\;C:\Program Files\Microsoft SQL Server\Client SDK\ODBC\170\Tools\Binn\;C:\Program Files\dotnet\;D:\bandzip\Bandizip\;D:\java\jre1.8.0\bin;D:\nodejs\;C:\ProgramData\chocolatey\bin;D:\Git\Git\cmd;C:\Program Files\Docker\Docker\resources\bin;C:\ProgramData\DockerDesktop\version-bin;C:\Program Files\Go\bin;D:\programforVS\goprogram;D:\maven\apache-maven-3.8.5-bin\apache-maven-3.8.5\bin;C:\Users\86131\AppData\Local\Microsoft\WindowsApps;C:\Users\86131\.dotnet\tools;D:\JetBrains\DataGrip 2021.3.4\bin;;D:\JetBrains\IntelliJ IDEA 2021.3.2\bin;;C:\Users\86131\AppData\Roaming\npm;D:\VScode\Microsoft VS Code\Microsoft VS Code\bin;D:\MinGW\bin;C:\Users\86131\go\bin
# environment
COMMONPROGRAMW6432 = C:\Program Files\Common Files
# environment
ZES_ENABLE_SYSMAN = 1
# environment
CHOCOLATEYLASTPATHUPDATE = 132893271365528833
# environment
PROCESSOR_ARCHITECTURE = x86
# environment
USERPROFILE = C:\Users\86131
# environment
CHOCOLATEYINSTALL = C:\ProgramData\chocolatey
# environment
ALLUSERSPROFILE = C:\ProgramData
# environment
GOPATH = C:\Users\86131\go
# environment
VSCODE_LOG_STACK = false
# environment
NUMBER_OF_PROCESSORS = 12
# environment
ELECTRON_RUN_AS_NODE = 1
# default
.FEATURES := target-specific order-only second-expansion else-if shortest-stem undefine oneshell archives jobserver
# environment
INTELLIJ IDEA = D:\JetBrains\IntelliJ IDEA 2021.3.2\bin;
# automatic
%F = $(notdir $%)
# environment
CHROME_CRASHPAD_PIPE_NAME = \\.\pipe\crashpad_54840_EFRQGRMBGXKYDADM
# environment
VSCODE_PIPE_LOGGING = true
# environment
COMPUTERNAME = LAPTOP-JVDN2KSE
# environment
PROGRAMFILES = C:\Program Files (x86)
# environment
DRIVERDATA = C:\Windows\System32\Drivers\DriverData
# environment
ORIGINAL_XDG_CURRENT_DESKTOP = undefined
# environment
USERNAME = 86131
# environment
PUBLIC = C:\Users\Public
# environment
VSCODE_AMD_ENTRYPOINT = vs/workbench/api/node/extensionHostProcess
# environment
VSCODE_CODE_CACHE_PATH = C:\Users\86131\AppData\Roaming\Code\CachedData\da15b6fd3ef856477bf6f4fb29ba1b7af717770d
# environment
APPLICATION_INSIGHTS_NO_DIAGNOSTIC_CHANNEL = 1
# environment
COMMONPROGRAMFILES = C:\Program Files (x86)\Common Files
# environment
LOGONSERVER = \\LAPTOP-JVDN2KSE
# environment
ONEDRIVECONSUMER = C:\Users\86131\OneDrive
# environment
VSCODE_HANDLES_UNCAUGHT_ERRORS = true
# environment
USERDOMAIN = LAPTOP-JVDN2KSE
# environment
MAKELEVEL := 0
# default
MAKE = $(MAKE_COMMAND)
# default
MAKECMDGOALS := all
# environment
JAVA_HOME = D:\java\jre1.8.0
# default
MAKE_VERSION := 3.82.90
# makefile
.DEFAULT_GOAL := all
# environment
PROGRAMFILES(X86) = C:\Program Files (x86)
# automatic
%D = $(patsubst %/,%,$(patsubst %\,%,$(dir $%)))
# environment
LOCALAPPDATA = C:\Users\86131\AppData\Local
# environment
PSMODULEPATH = C:\Program Files\WindowsPowerShell\Modules;C:\Windows\system32\WindowsPowerShell\v1.0\Modules
# default
MAKE_COMMAND := make.exe
# environment
PROCESSOR_ARCHITEW6432 = AMD64
# default
.VARIABLES := 
# automatic
*F = $(notdir $*)
# environment
PROCESSOR_IDENTIFIER = Intel64 Family 6 Model 141 Stepping 1, GenuineIntel
# environment
OS = Windows_NT
# environment
VSCODE_IPC_HOOK = \\.\pipe\2b3c799df7ae66e8bdb4dcd95133feca-1.67.1-main-sock
# environment
HOMEPATH = \Users\86131
# environment
COMMONPROGRAMFILES(X86) = C:\Program Files (x86)\Common Files
# environment
PROMPT = $P$G
# environment
MFLAGS = -Rrqp
# automatic
*D = $(patsubst %/,%,$(patsubst %\,%,$(dir $*)))
# environment
SYSTEMROOT = C:\Windows
# automatic
+D = $(patsubst %/,%,$(patsubst %\,%,$(dir $+)))
# automatic
+F = $(notdir $+)
# environment
APPDATA = C:\Users\86131\AppData\Roaming
# environment
TEMP = C:\Users\86131\AppData\Local\Temp
# environment
COMSPEC = C:\Windows\system32\cmd.exe
# default
MAKEFILES := 
# automatic
<F = $(notdir $<)
# environment
LC_ALL = C
# environment
DATAGRIP = D:\JetBrains\DataGrip 2021.3.4\bin;
# automatic
^F = $(notdir $^)
# default
SUFFIXES := 
# environment
SYSTEMDRIVE = C:
# environment
SESSIONNAME = Console
# environment
PROCESSOR_REVISION = 8d01
# default
.RECIPEPREFIX := 
# environment
LANG = C
# environment
PROCESSOR_LEVEL = 6
# environment
FPS_BROW 
SER_APP_PROFILE_STRING = Internet Explorer
# environment
VSCODE_PID = 54840
# environment
USERDOMAIN_ROAMINGPROFILE = LAPTOP-JVDN2KSE
# variable set hash-table stats:
# Load=101/1024=10%, Rehash=0, Collisions=11/119=9%

# Pattern-specific Variable Values

# No pattern-specific variable values.

# Directories

# : could not be stat'd.
# C:\ProgramData\DockerDesktop\version-bin: could not be stat'd.
# D:\bandzip\Bandizip\ (key D:/bandzip/Bandizip/, mtime 1644850477): 20 files, no impossibilities.
# C:\Users\86131\AppData\Roaming\npm (key C:/Users/86131/AppData/Roaming/npm, mtime 1647063943): 9 files, no impossibilities.
# C:\Program Files\NVIDIA Corporation\NVIDIA NvDLISR (key C:/Program Files/NVIDIA Corporation/NVIDIA NvDLISR, mtime 1639092474): 5 files, no impossibilities.
# D:\nodejs\ (key D:/nodejs/, mtime 1644853521): 13 files, no impossibilities.
# D:\JetBrains\IntelliJ IDEA 2021.3.2\bin (key D:/JetBrains/IntelliJ IDEA 2021.3.2/bin, mtime 1644851779): 32 files, no impossibilities.
# D:\VMware\VMwarePlayer\bin\ (key D:/VMware/VMwarePlayer/bin/, mtime 1647054514): 4 files, no impossibilities.
# C:\Users\86131\AppData\Local\Microsoft\WindowsApps (key C:/Users/86131/AppData/Local/Microsoft/WindowsApps, mtime 1651121024): 26 files, no impossibilities.
# C:\Windows\System32\WindowsPowerShell\v1.0\ (key C:/Windows/System32/WindowsPowerShell/v1.0/, mtime 1622915612): 31 files, no impossibilities.
# . (key d:/programforVS/LSM2.0/lsm-kv, mtime 1652283881): 33 files, no impossibilities.
# D:\Git\Git\cmd (key D:/Git/Git/cmd, mtime 1645000596): 8 files, no impossibilities.
# C:\Program Files\Microsoft SQL Server\Client SDK\ODBC\170\Tools\Binn\ (key C:/Program Files/Microsoft SQL Server/Client SDK/ODBC/170/Tools/Binn/, mtime 1642870108): 7 files, no impossibilities.
# C:\Program Files (x86)\Common Files\Oracle\Java\javapath (key C:/Program Files (x86)/Common Files/Oracle/Java/javapath, mtime 1644842900): 5 files, no impossibilities.
# D:\VScode\Microsoft VS Code\Microsoft VS Code\bin (key D:/VScode/Microsoft VS Code/Micros 
oft VS Code/bin, mtime 1652235019): 4 files, no impossibilities.
# C:\Program Files\Microsoft SQL Server\150\Tools\Binn\ (key C:/Program Files/Microsoft SQL Server/150/Tools/Binn/, mtime 1642870104): 4 files, no impossibilities.
# C:\Python310\ (key C:/Python310/, mtime 1644853579): 18 files, no impossibilities.
# C:\Program Files\Docker\Docker\resources\bin (key C:/Program Files/Docker/Docker/resources/bin, mtime 1646554488): 13 files, no impossibilities.
# C:\Windows\System32\OpenSSH\: could not be stat'd.
# C:\Python310\Scripts\ (key C:/Python310/Scripts/, mtime 1644853579): 5 files, no impossibilities.
# D:\MinGW\bin (key D:/MinGW/bin, mtime 1649055302): 58 files, no impossibilities.
# C:\Program Files (x86)\NVIDIA Corporation\PhysX\Common (key C:/Program Files (x86)/NVIDIA Corporation/PhysX/Common, mtime 1639092350): 10 files, no impossibilities.
# D:\maven\apache-maven-3.8.5-bin\apache-maven-3.8.5\bin (key D:/maven/apache-maven-3.8.5-bin/apache-maven-3.8.5/bin, mtime 1646451002): 8 files, no impossibilities.
# D:\JetBrains\DataGrip 2021.3.4\bin (key D:/JetBrains/DataGrip 2021.3.4/bin, mtime 1644836987): 29 files, no impossibilities.
# C:\Users\86131\.dotnet\tools: could not be stat'd.
# C:\Users\86131\go\bin (key C:/Users/86131/go/bin, mtime 1650806200): 11 files, no impossibilities.
# C:\ProgramData\chocolatey\bin (key C:/ProgramData/chocolatey/bin, mtime 1644853536): 13 files, no impossibilities.
# C:\Windows (key C:/Windows, mtime 1650208783): 130 files, no impossibilities.
# C:\Program Files\Go\bin (key C:/Program Files/Go/bin, mtime 1649172701): 4 files, no impossibilities.
# C:\Windows\System32\Wbem (key C:/Windows/System32/Wbem, mtime 1643269158): 155 files, no impossibilities.
# D:\java\jre1.8.0\bin (key D:/java/jre1.8.0/bin, mtime 1644842897): 130 files, no impossibilities.
# C:\Program Files\dotnet\ (key C:/Program Files/dotnet/, mtime 1642870213): 12 files, no impossibilities.
# C:\Windows\system32 (key C:/Windows/system32, mtime 1651671753): 2916 files, no impossibilities.
# D:\programforVS\gopr 
ogram (key D:/programforVS/goprogram, mtime 1649341375): 5 files, no impossibilities.

# 3718 files, no impossibilities in 34 directories.

# Implicit Rules

# No implicit rules.

# Files

# Not a target:
correctness.o:
#  Implicit rule search has been done.
#  Last modified 2022-05-11 23:44:36
#  File has been updated.
#  Successfully updated.

correctness: level.o SSTable.o SkipList.o kvstore.o correctness.o
#  Implicit rule search has been done.
#  File does not exist.
#  File has been updated.
#  Successfully updated.

all: correctness persistence
#  Command line target.
#  Implicit rule search has been done.
#  File does not exist.
#  File has been updated.
#  Successfully updated.

# Not a target:
.SUFFIXES:
#  Implicit rule search has not been done.
#  Modification time never checked.
#  File has not been updated.

# Not a target:
Makefile:
#  Implicit rule search has been done.
#  Last modified 2022-05-07 16:41:42
#  File has been updated.
#  Successfully updated.

# Not a target:
SkipList.o:
#  Implicit rule search has been done.
#  Last modified 2022-05-11 23:44:38
#  File has been updated.
#  Successfully updated.

# Not a target:
level.o:
#  Implicit rule search has been done.
#  Last modified 2022-05-11 23:44:37
#  File has been updated.
#  Successfully updated.

# Not a target:
kvstore.o:
#  Implicit rule search has been done.
#  Last modified 2022-05-11 23:44:40
#  File has been updated.
#  Successfully updated.

persistence: level.o SSTable.o SkipList.o kvstore.o persistence.o
#  Implicit rule s 
earch has been done.
#  File does not exist.
#  File has been updated.
#  Successfully updated.

# Not a target:
persistence.o:
#  Implicit rule search has been done.
#  Last modified 2022-05-11 23:44:40
#  File has been updated.
#  Successfully updated.

# Not a target:
.DEFAULT:
#  Implicit rule search has not been done.
#  Modification time never checked.
#  File has not been updated.

clean:
#  Implicit rule search has not been done.
#  Modification time never checked.
#  File has not been updated.
#  recipe to execute (from 'Makefile', line 12):
	-rm -f correctness persistence *.o

# Not a target:
SSTable.o:
#  Implicit rule search has been done.
#  Last modified 2022-05-11 23:44:38
#  File has been updated.
#  Successfully updated.

# files hash-table stats:
# Load=13/1024=1%, Rehash=0, Collisions=0/38=0%
# VPATH Search Paths

# No 'vpath' search paths.

# No general ('VPATH' variable) search path.

# strcache buffers: 7 (4) / strings = 3642 / storage = 55131 B / avg = 15 B
# current buf: size = 8174 B / used = 6189 B / count = 361 / avg = 17 B
# other used: total = 46957 B / count = 3281 / avg = 14 B
# other free: total = 102 B / max = 40 B / min = 2 B / avg = 17 B

# strcache performance: lookups = 3777 / hit rate = 3%
# hash-table stats:
# Load=3642/8192=44%, Rehash=0, Collisions=1396/3777=37%
# Finished Make data base on Thu May 12 16:50:13 2022

 
